# JRE version: Java(TM) SE Runtime Environment (8.0_60-b27) (build 1.8.0_60-b27)
# Java VM: Java HotSpot(TM) 64-Bit Server VM (25.60-b23 mixed mode bsd-amd64 compressed oops)
Heap:
 PSYoungGen      total 38400K, used 9513K [0x0000000170d80000, 0x0000000173800000, 0x000000019b800000)
  eden space 33280K, 13% used [0x0000000170d80000,0x00000001711cd7a0,0x0000000172e00000)
  from space 5120K, 99% used [0x0000000173300000,0x00000001737fcfb0,0x0000000173800000)
  to   space 5120K, 0% used [0x0000000172e00000,0x0000000172e00000,0x0000000173300000)
 ParOldGen       total 87552K, used 1379K [0x000000011b800000, 0x0000000120d80000, 0x0000000170d80000)
  object space 87552K, 1% used [0x000000011b800000,0x000000011b958d10,0x0000000120d80000)
 Metaspace       used 14306K, capacity 14580K, committed 14720K, reserved 1062912K
  class space    used 1753K, capacity 1841K, committed 1920K, reserved 1048576K
GC Heap History (4 events):
Event: 2.895 GC heap before
{Heap before GC invocations=1 (full 0):
 PSYoungGen      total 38400K, used 33280K [0x0000000170d80000, 0x0000000173800000, 0x000000019b800000)
  eden space 33280K, 100% used [0x0000000170d80000,0x0000000172e00000,0x0000000172e00000)
  from space 5120K, 0% used [0x0000000173300000,0x0000000173300000,0x0000000173800000)
  to   space 5120K, 0% used [0x0000000172e00000,0x0000000172e00000,0x0000000173300000)
 ParOldGen       total 87552K, used 0K [0x000000011b800000, 0x0000000120d80000, 0x0000000170d80000)
  object space 87552K, 0% used [0x000000011b800000,0x000000011b800000,0x0000000120d80000)
 Metaspace       used 10496K, capacity 10720K, committed 10880K, reserved 1058816K
  class space    used 1212K, capacity 1283K, committed 1408K, reserved 1048576K
Event: 2.903 GC heap after
Heap after GC invocations=1 (full 0):
 PSYoungGen      total 38400K, used 4650K [0x0000000170d80000, 0x0000000173800000, 0x000000019b800000)
  eden space 33280K, 0% used [0x0000000170d80000,0x0000000170d80000,0x0000000172e00000)
  from space 5120K, 90% used [0x0000000172e00000,0x000000017328a978,0x0000000173300000)
  to   space 5120K, 0% used [0x0000000173300000,0x0000000173300000,0x0000000173800000)
 ParOldGen       total 87552K, used 72K [0x000000011b800000, 0x0000000120d80000, 0x0000000170d80000)
  object space 87552K, 0% used [0x000000011b800000,0x000000011b812010,0x0000000120d80000)
 Metaspace       used 10496K, capacity 10720K, committed 10880K, reserved 1058816K
  class space    used 1212K, capacity 1283K, committed 1408K, reserved 1048576K
}
Event: 4.519 GC heap before
{Heap before GC invocations=2 (full 0):
 PSYoungGen      total 38400K, used 37930K [0x0000000170d80000, 0x0000000173800000, 0x000000019b800000)
  eden space 33280K, 100% used [0x0000000170d80000,0x0000000172e00000,0x0000000172e00000)
  from space 5120K, 90% used [0x0000000172e00000,0x000000017328a978,0x0000000173300000)
  to   space 5120K, 0% used [0x0000000173300000,0x0000000173300000,0x0000000173800000)
 ParOldGen       total 87552K, used 72K [0x000000011b800000, 0x0000000120d80000, 0x0000000170d80000)
  object space 87552K, 0% used [0x000000011b800000,0x000000011b812010,0x0000000120d80000)
 Metaspace       used 13918K, capacity 14164K, committed 14464K, reserved 1062912K
  class space    used 1707K, capacity 1809K, committed 1920K, reserved 1048576K
Event: 4.537 GC heap after
Heap after GC invocations=2 (full 0):
 PSYoungGen      total 38400K, used 5107K [0x0000000170d80000, 0x0000000173800000, 0x000000019b800000)
  eden space 33280K, 0% used [0x0000000170d80000,0x0000000170d80000,0x0000000172e00000)
  from space 5120K, 99% used [0x0000000173300000,0x00000001737fcfb0,0x0000000173800000)
  to   space 5120K, 0% used [0x0000000172e00000,0x0000000172e00000,0x0000000173300000)
 ParOldGen       total 87552K, used 1379K [0x000000011b800000, 0x0000000120d80000, 0x0000000170d80000)
  object space 87552K, 1% used [0x000000011b800000,0x000000011b958d10,0x0000000120d80000)
 Metaspace       used 13918K, capacity 14164K, committed 14464K, reserved 1062912K
  class space    used 1707K, capacity 1809K, committed 1920K, reserved 1048576K
}

