# JRE version: Java(TM) SE Runtime Environment (8.0_60-b27) (build 1.8.0_60-b27)
# Java VM: Java HotSpot(TM) 64-Bit Server VM (25.60-b23 mixed mode bsd-amd64 compressed oops)
Heap:
 PSYoungGen      total 38400K, used 7598K [0x0000000172980000, 0x0000000175400000, 0x000000019d400000)
  eden space 33280K, 7% used [0x0000000172980000,0x0000000172bef898,0x0000000174a00000)
  from space 5120K, 99% used [0x0000000174f00000,0x00000001753fc0e0,0x0000000175400000)
  to   space 5120K, 0% used [0x0000000174a00000,0x0000000174a00000,0x0000000174f00000)
 ParOldGen       total 87552K, used 1756K [0x000000011d400000, 0x0000000122980000, 0x0000000172980000)
  object space 87552K, 2% used [0x000000011d400000,0x000000011d5b7058,0x0000000122980000)
 Metaspace       used 14449K, capacity 14708K, committed 14976K, reserved 1062912K
  class space    used 1756K, capacity 1841K, committed 1920K, reserved 1048576K
GC Heap History (4 events):
Event: 2.318 GC heap before
{Heap before GC invocations=1 (full 0):
 PSYoungGen      total 38400K, used 33280K [0x0000000172980000, 0x0000000175400000, 0x000000019d400000)
  eden space 33280K, 100% used [0x0000000172980000,0x0000000174a00000,0x0000000174a00000)
  from space 5120K, 0% used [0x0000000174f00000,0x0000000174f00000,0x0000000175400000)
  to   space 5120K, 0% used [0x0000000174a00000,0x0000000174a00000,0x0000000174f00000)
 ParOldGen       total 87552K, used 0K [0x000000011d400000, 0x0000000122980000, 0x0000000172980000)
  object space 87552K, 0% used [0x000000011d400000,0x000000011d400000,0x0000000122980000)
 Metaspace       used 10659K, capacity 10848K, committed 11136K, reserved 1058816K
  class space    used 1230K, capacity 1283K, committed 1408K, reserved 1048576K
Event: 2.329 GC heap after
Heap after GC invocations=1 (full 0):
 PSYoungGen      total 38400K, used 5105K [0x0000000172980000, 0x0000000175400000, 0x000000019d400000)
  eden space 33280K, 0% used [0x0000000172980000,0x0000000172980000,0x0000000174a00000)
  from space 5120K, 99% used [0x0000000174a00000,0x0000000174efc500,0x0000000174f00000)
  to   space 5120K, 0% used [0x0000000174f00000,0x0000000174f00000,0x0000000175400000)
 ParOldGen       total 87552K, used 323K [0x000000011d400000, 0x0000000122980000, 0x0000000172980000)
  object space 87552K, 0% used [0x000000011d400000,0x000000011d450e68,0x0000000122980000)
 Metaspace       used 10659K, capacity 10848K, committed 11136K, reserved 1058816K
  class space    used 1230K, capacity 1283K, committed 1408K, reserved 1048576K
}
Event: 5.581 GC heap before
{Heap before GC invocations=2 (full 0):
 PSYoungGen      total 38400K, used 38385K [0x0000000172980000, 0x0000000175400000, 0x000000019d400000)
  eden space 33280K, 100% used [0x0000000172980000,0x0000000174a00000,0x0000000174a00000)
  from space 5120K, 99% used [0x0000000174a00000,0x0000000174efc500,0x0000000174f00000)
  to   space 5120K, 0% used [0x0000000174f00000,0x0000000174f00000,0x0000000175400000)
 ParOldGen       total 87552K, used 323K [0x000000011d400000, 0x0000000122980000, 0x0000000172980000)
  object space 87552K, 0% used [0x000000011d400000,0x000000011d450e68,0x0000000122980000)
 Metaspace       used 14322K, capacity 14580K, committed 14720K, reserved 1062912K
  class space    used 1751K, capacity 1841K, committed 1920K, reserved 1048576K
Event: 5.598 GC heap after
Heap after GC invocations=2 (full 0):
 PSYoungGen      total 38400K, used 5104K [0x0000000172980000, 0x0000000175400000, 0x000000019d400000)
  eden space 33280K, 0% used [0x0000000172980000,0x0000000172980000,0x0000000174a00000)
  from space 5120K, 99% used [0x0000000174f00000,0x00000001753fc0e0,0x0000000175400000)
  to   space 5120K, 0% used [0x0000000174a00000,0x0000000174a00000,0x0000000174f00000)
 ParOldGen       total 87552K, used 1756K [0x000000011d400000, 0x0000000122980000, 0x0000000172980000)
  object space 87552K, 2% used [0x000000011d400000,0x000000011d5b7058,0x0000000122980000)
 Metaspace       used 14322K, capacity 14580K, committed 14720K, reserved 1062912K
  class space    used 1751K, capacity 1841K, committed 1920K, reserved 1048576K
}

